{"name": "test_app_settings_change_region", "status": "broken", "statusDetails": {"message": "selenium.common.exceptions.TimeoutException: Message: \nStacktrace:\nNoSuchElementError: An element could not be located on the page using the given search parameters.\n    at AndroidUiautomator2Driver.findElOrEls (/Users/Vlado/.appium/node_modules/appium-uiautomator2-driver/node_modules/appium-android-driver/lib/commands/find.ts:87:11)\n    at processTicksAndRejections (node:internal/process/task_queues:95:5)\n    at AndroidUiautomator2Driver.findElOrElsWithProcessing (/usr/local/lib/node_modules/appium/node_modules/@appium/base-driver/lib/basedriver/commands/find.ts:60:12)\n    at AndroidUiautomator2Driver.findElement (/usr/local/lib/node_modules/appium/node_modules/@appium/base-driver/lib/basedriver/commands/find.ts:75:12)", "trace": "appium_driver = <appium.webdriver.webdriver.WebDriver (session=\"52764ee7-7fbb-45f9-824b-9708b6fca562\")>\n\n    @allure.feature(\"settings\")\n    @allure.severity(allure.severity_level.NORMAL)\n    def test_app_settings_change_region(appium_driver):\n        first_steps_to_dashboard(appium_driver)\n        profile = WebDriverWait(appium_driver, 30).until(ec.visibility_of_element_located((By.XPATH,\n                                                                                               '//android.widget.TextView[@resource-id=\"com.pelicantravel.pelipecky:id/navigation_bar_item_small_label_view\" and @text=\"Profile\"]')))\n        profile.click()\n        preferences = WebDriverWait(appium_driver, 30).until(ec.visibility_of_element_located((By.XPATH,\n                                                                                                    '//android.widget.TextView[@text=\"Application preferences\"]')))\n        preferences.click()\n>       change_region(appium_driver)\n\nTests/test_scenarios.py:30: \n_ _ _ _ _ _ _ _ _ _ _ _ _ _ _ _ _ _ _ _ _ _ _ _ _ _ _ _ _ _ _ _ _ _ _ _ _ _ _ _ _ _ _ _ _ _ _ _ _ _ _ _ _ _ _ _ _ _ _ _ _ _ _ _ _ _ _ _ _ _ _ _ _ _ _ _ _ _ _ _ _ _ _ _ _ _ _ _ _ _ _ _ _ _ _ _ _ _ _ _ _ \nUtils/support_functions.py:33: in change_region\n    region_change = WebDriverWait(driver, 60).until(ec.visibility_of_element_located((By.XPATH,\n_ _ _ _ _ _ _ _ _ _ _ _ _ _ _ _ _ _ _ _ _ _ _ _ _ _ _ _ _ _ _ _ _ _ _ _ _ _ _ _ _ _ _ _ _ _ _ _ _ _ _ _ _ _ _ _ _ _ _ _ _ _ _ _ _ _ _ _ _ _ _ _ _ _ _ _ _ _ _ _ _ _ _ _ _ _ _ _ _ _ _ _ _ _ _ _ _ _ _ _ _ \n\nself = <selenium.webdriver.support.wait.WebDriverWait (session=\"52764ee7-7fbb-45f9-824b-9708b6fca562\")>, method = <function visibility_of_element_located.<locals>._predicate at 0x10e179da0>\nmessage = ''\n\n    def until(self, method: Callable[[D], Union[Literal[False], T]], message: str = \"\") -> T:\n        \"\"\"Calls the method provided with the driver as an argument until the \\\n        return value does not evaluate to ``False``.\n    \n        :param method: callable(WebDriver)\n        :param message: optional message for :exc:`TimeoutException`\n        :returns: the result of the last call to `method`\n        :raises: :exc:`selenium.common.exceptions.TimeoutException` if timeout occurs\n        \"\"\"\n        screen = None\n        stacktrace = None\n    \n        end_time = time.monotonic() + self._timeout\n        while True:\n            try:\n                value = method(self._driver)\n                if value:\n                    return value\n            except self._ignored_exceptions as exc:\n                screen = getattr(exc, \"screen\", None)\n                stacktrace = getattr(exc, \"stacktrace\", None)\n            time.sleep(self._poll)\n            if time.monotonic() > end_time:\n                break\n>       raise TimeoutException(message, screen, stacktrace)\nE       selenium.common.exceptions.TimeoutException: Message: \nE       Stacktrace:\nE       NoSuchElementError: An element could not be located on the page using the given search parameters.\nE           at AndroidUiautomator2Driver.findElOrEls (/Users/Vlado/.appium/node_modules/appium-uiautomator2-driver/node_modules/appium-android-driver/lib/commands/find.ts:87:11)\nE           at processTicksAndRejections (node:internal/process/task_queues:95:5)\nE           at AndroidUiautomator2Driver.findElOrElsWithProcessing (/usr/local/lib/node_modules/appium/node_modules/@appium/base-driver/lib/basedriver/commands/find.ts:60:12)\nE           at AndroidUiautomator2Driver.findElement (/usr/local/lib/node_modules/appium/node_modules/@appium/base-driver/lib/basedriver/commands/find.ts:75:12)\n\n.venv/lib/python3.12/site-packages/selenium/webdriver/support/wait.py:105: TimeoutException"}, "start": 1716273773680, "stop": 1716273849808, "uuid": "0ed54979-cf59-46ec-a3c2-1a02ce1fa5b5", "historyId": "23ea7be1e9bde04db0e0ead426502120", "testCaseId": "23ea7be1e9bde04db0e0ead426502120", "fullName": "Tests.test_scenarios#test_app_settings_change_region", "labels": [{"name": "feature", "value": "settings"}, {"name": "severity", "value": "normal"}, {"name": "parentSuite", "value": "Tests"}, {"name": "suite", "value": "test_scenarios"}, {"name": "host", "value": "admin-MacBook-Pro.local"}, {"name": "thread", "value": "2464-MainThread"}, {"name": "framework", "value": "pytest"}, {"name": "language", "value": "cpython3"}, {"name": "package", "value": "Tests.test_scenarios"}]}